<?xml version="1.0" encoding="UTF-8"?>
<!-- Generated by org.testng.reporters.JUnitReportReporter -->
<testsuite skipped="0" hostname="ADMIN-PC" name="org.test.testSuite" tests="3" failures="0" timestamp="21 Oct 2021 08:43:02 GMT" time="0.016" errors="0">
  <testcase name="test2" time="0.000" classname="org.test.testSuite"/>
  <testcase name="test1" time="0.000" classname="org.test.testSuite"/>
  <testcase name="test" time="0.016" classname="org.test.testSuite"/>
</testsuite> <!-- org.test.testSuite -->
