<?xml version="1.0" encoding="UTF-8"?>
<!-- Generated by org.testng.reporters.JUnitReportReporter -->
<testsuite skipped="0" hostname="ADMIN-PC" name="org.test.SampleClass" tests="3" failures="0" timestamp="21 Oct 2021 08:43:02 GMT" time="0.062" errors="0">
  <testcase name="hello1" time="0.000" classname="org.test.SampleClass"/>
  <testcase name="hello" time="0.047" classname="org.test.SampleClass"/>
  <testcase name="hello2" time="0.015" classname="org.test.SampleClass"/>
</testsuite> <!-- org.test.SampleClass -->
